Determining if the pthread_create exist failed with the following output:
Change Dir: /home/nicolas/Documents/IMAC/POO/Projet/Game_BoxRun/CMakeFiles/CMakeTmp

Run Build Command:"/usr/bin/make" "cmTC_2ed63/fast"
/usr/bin/make -f CMakeFiles/cmTC_2ed63.dir/build.make CMakeFiles/cmTC_2ed63.dir/build
make[1] : on entre dans le répertoire « /home/nicolas/Documents/IMAC/POO/Projet/Game_BoxRun/CMakeFiles/CMakeTmp »
Building C object CMakeFiles/cmTC_2ed63.dir/CheckSymbolExists.c.o
/usr/bin/cc    -o CMakeFiles/cmTC_2ed63.dir/CheckSymbolExists.c.o   -c /home/nicolas/Documents/IMAC/POO/Projet/Game_BoxRun/CMakeFiles/CMakeTmp/CheckSymbolExists.c
Linking C executable cmTC_2ed63
/usr/bin/cmake -E cmake_link_script CMakeFiles/cmTC_2ed63.dir/link.txt --verbose=1
/usr/bin/cc      -rdynamic CMakeFiles/cmTC_2ed63.dir/CheckSymbolExists.c.o  -o cmTC_2ed63 
CMakeFiles/cmTC_2ed63.dir/CheckSymbolExists.c.o : Dans la fonction « main » :
CheckSymbolExists.c:(.text+0x1b) : référence indéfinie vers « pthread_create »
collect2: error: ld returned 1 exit status
CMakeFiles/cmTC_2ed63.dir/build.make:97: recipe for target 'cmTC_2ed63' failed
make[1]: *** [cmTC_2ed63] Error 1
make[1] : on quitte le répertoire « /home/nicolas/Documents/IMAC/POO/Projet/Game_BoxRun/CMakeFiles/CMakeTmp »
Makefile:126: recipe for target 'cmTC_2ed63/fast' failed
make: *** [cmTC_2ed63/fast] Error 2

File /home/nicolas/Documents/IMAC/POO/Projet/Game_BoxRun/CMakeFiles/CMakeTmp/CheckSymbolExists.c:
/* */
#include <pthread.h>

int main(int argc, char** argv)
{
  (void)argv;
#ifndef pthread_create
  return ((int*)(&pthread_create))[argc];
#else
  (void)argc;
  return 0;
#endif
}

Determining if the function pthread_create exists in the pthreads failed with the following output:
Change Dir: /home/nicolas/Documents/IMAC/POO/Projet/Game_BoxRun/CMakeFiles/CMakeTmp

Run Build Command:"/usr/bin/make" "cmTC_c5a14/fast"
/usr/bin/make -f CMakeFiles/cmTC_c5a14.dir/build.make CMakeFiles/cmTC_c5a14.dir/build
make[1] : on entre dans le répertoire « /home/nicolas/Documents/IMAC/POO/Projet/Game_BoxRun/CMakeFiles/CMakeTmp »
Building C object CMakeFiles/cmTC_c5a14.dir/CheckFunctionExists.c.o
/usr/bin/cc   -DCHECK_FUNCTION_EXISTS=pthread_create   -o CMakeFiles/cmTC_c5a14.dir/CheckFunctionExists.c.o   -c /usr/share/cmake-3.10/Modules/CheckFunctionExists.c
Linking C executable cmTC_c5a14
/usr/bin/cmake -E cmake_link_script CMakeFiles/cmTC_c5a14.dir/link.txt --verbose=1
/usr/bin/cc  -DCHECK_FUNCTION_EXISTS=pthread_create    -rdynamic CMakeFiles/cmTC_c5a14.dir/CheckFunctionExists.c.o  -o cmTC_c5a14 -lpthreads 
/usr/bin/ld : ne peut trouver -lpthreads
collect2: error: ld returned 1 exit status
CMakeFiles/cmTC_c5a14.dir/build.make:97: recipe for target 'cmTC_c5a14' failed
make[1]: *** [cmTC_c5a14] Error 1
make[1] : on quitte le répertoire « /home/nicolas/Documents/IMAC/POO/Projet/Game_BoxRun/CMakeFiles/CMakeTmp »
Makefile:126: recipe for target 'cmTC_c5a14/fast' failed
make: *** [cmTC_c5a14/fast] Error 2


Determining if the pthread_create exist failed with the following output:
Change Dir: /home/nicolas/Documents/IMAC/POO/Projet/Game_BoxRun/CMakeFiles/CMakeTmp

Run Build Command:"/usr/bin/make" "cmTC_9e9fe/fast"
/usr/bin/make -f CMakeFiles/cmTC_9e9fe.dir/build.make CMakeFiles/cmTC_9e9fe.dir/build
make[1] : on entre dans le répertoire « /home/nicolas/Documents/IMAC/POO/Projet/Game_BoxRun/CMakeFiles/CMakeTmp »
Building C object CMakeFiles/cmTC_9e9fe.dir/CheckSymbolExists.c.o
/usr/bin/cc    -o CMakeFiles/cmTC_9e9fe.dir/CheckSymbolExists.c.o   -c /home/nicolas/Documents/IMAC/POO/Projet/Game_BoxRun/CMakeFiles/CMakeTmp/CheckSymbolExists.c
Linking C executable cmTC_9e9fe
/usr/bin/cmake -E cmake_link_script CMakeFiles/cmTC_9e9fe.dir/link.txt --verbose=1
/usr/bin/cc      -rdynamic CMakeFiles/cmTC_9e9fe.dir/CheckSymbolExists.c.o  -o cmTC_9e9fe 
CMakeFiles/cmTC_9e9fe.dir/CheckSymbolExists.c.o : Dans la fonction « main » :
CheckSymbolExists.c:(.text+0x1b) : référence indéfinie vers « pthread_create »
collect2: error: ld returned 1 exit status
CMakeFiles/cmTC_9e9fe.dir/build.make:97: recipe for target 'cmTC_9e9fe' failed
make[1]: *** [cmTC_9e9fe] Error 1
make[1] : on quitte le répertoire « /home/nicolas/Documents/IMAC/POO/Projet/Game_BoxRun/CMakeFiles/CMakeTmp »
Makefile:126: recipe for target 'cmTC_9e9fe/fast' failed
make: *** [cmTC_9e9fe/fast] Error 2

File /home/nicolas/Documents/IMAC/POO/Projet/Game_BoxRun/CMakeFiles/CMakeTmp/CheckSymbolExists.c:
/* */
#include <pthread.h>

int main(int argc, char** argv)
{
  (void)argv;
#ifndef pthread_create
  return ((int*)(&pthread_create))[argc];
#else
  (void)argc;
  return 0;
#endif
}

Determining if the function pthread_create exists in the pthreads failed with the following output:
Change Dir: /home/nicolas/Documents/IMAC/POO/Projet/Game_BoxRun/CMakeFiles/CMakeTmp

Run Build Command:"/usr/bin/make" "cmTC_87803/fast"
/usr/bin/make -f CMakeFiles/cmTC_87803.dir/build.make CMakeFiles/cmTC_87803.dir/build
make[1] : on entre dans le répertoire « /home/nicolas/Documents/IMAC/POO/Projet/Game_BoxRun/CMakeFiles/CMakeTmp »
Building C object CMakeFiles/cmTC_87803.dir/CheckFunctionExists.c.o
/usr/bin/cc   -DCHECK_FUNCTION_EXISTS=pthread_create   -o CMakeFiles/cmTC_87803.dir/CheckFunctionExists.c.o   -c /usr/share/cmake-3.10/Modules/CheckFunctionExists.c
Linking C executable cmTC_87803
/usr/bin/cmake -E cmake_link_script CMakeFiles/cmTC_87803.dir/link.txt --verbose=1
/usr/bin/cc  -DCHECK_FUNCTION_EXISTS=pthread_create    -rdynamic CMakeFiles/cmTC_87803.dir/CheckFunctionExists.c.o  -o cmTC_87803 -lpthreads 
/usr/bin/ld : ne peut trouver -lpthreads
collect2: error: ld returned 1 exit status
CMakeFiles/cmTC_87803.dir/build.make:97: recipe for target 'cmTC_87803' failed
make[1]: *** [cmTC_87803] Error 1
make[1] : on quitte le répertoire « /home/nicolas/Documents/IMAC/POO/Projet/Game_BoxRun/CMakeFiles/CMakeTmp »
Makefile:126: recipe for target 'cmTC_87803/fast' failed
make: *** [cmTC_87803/fast] Error 2


Determining if the pthread_create exist failed with the following output:
Change Dir: /home/nicolas/Documents/IMAC/POO/Projet/Game_BoxRun/CMakeFiles/CMakeTmp

Run Build Command:"/usr/bin/make" "cmTC_d2334/fast"
/usr/bin/make -f CMakeFiles/cmTC_d2334.dir/build.make CMakeFiles/cmTC_d2334.dir/build
make[1] : on entre dans le répertoire « /home/nicolas/Documents/IMAC/POO/Projet/Game_BoxRun/CMakeFiles/CMakeTmp »
Building C object CMakeFiles/cmTC_d2334.dir/CheckSymbolExists.c.o
/usr/bin/cc    -o CMakeFiles/cmTC_d2334.dir/CheckSymbolExists.c.o   -c /home/nicolas/Documents/IMAC/POO/Projet/Game_BoxRun/CMakeFiles/CMakeTmp/CheckSymbolExists.c
Linking C executable cmTC_d2334
/usr/bin/cmake -E cmake_link_script CMakeFiles/cmTC_d2334.dir/link.txt --verbose=1
/usr/bin/cc      -rdynamic CMakeFiles/cmTC_d2334.dir/CheckSymbolExists.c.o  -o cmTC_d2334 
CMakeFiles/cmTC_d2334.dir/CheckSymbolExists.c.o : Dans la fonction « main » :
CheckSymbolExists.c:(.text+0x1b) : référence indéfinie vers « pthread_create »
collect2: error: ld returned 1 exit status
CMakeFiles/cmTC_d2334.dir/build.make:97: recipe for target 'cmTC_d2334' failed
make[1]: *** [cmTC_d2334] Error 1
make[1] : on quitte le répertoire « /home/nicolas/Documents/IMAC/POO/Projet/Game_BoxRun/CMakeFiles/CMakeTmp »
Makefile:126: recipe for target 'cmTC_d2334/fast' failed
make: *** [cmTC_d2334/fast] Error 2

File /home/nicolas/Documents/IMAC/POO/Projet/Game_BoxRun/CMakeFiles/CMakeTmp/CheckSymbolExists.c:
/* */
#include <pthread.h>

int main(int argc, char** argv)
{
  (void)argv;
#ifndef pthread_create
  return ((int*)(&pthread_create))[argc];
#else
  (void)argc;
  return 0;
#endif
}

Determining if the function pthread_create exists in the pthreads failed with the following output:
Change Dir: /home/nicolas/Documents/IMAC/POO/Projet/Game_BoxRun/CMakeFiles/CMakeTmp

Run Build Command:"/usr/bin/make" "cmTC_4c080/fast"
/usr/bin/make -f CMakeFiles/cmTC_4c080.dir/build.make CMakeFiles/cmTC_4c080.dir/build
make[1] : on entre dans le répertoire « /home/nicolas/Documents/IMAC/POO/Projet/Game_BoxRun/CMakeFiles/CMakeTmp »
Building C object CMakeFiles/cmTC_4c080.dir/CheckFunctionExists.c.o
/usr/bin/cc   -DCHECK_FUNCTION_EXISTS=pthread_create   -o CMakeFiles/cmTC_4c080.dir/CheckFunctionExists.c.o   -c /usr/share/cmake-3.10/Modules/CheckFunctionExists.c
Linking C executable cmTC_4c080
/usr/bin/cmake -E cmake_link_script CMakeFiles/cmTC_4c080.dir/link.txt --verbose=1
/usr/bin/cc  -DCHECK_FUNCTION_EXISTS=pthread_create    -rdynamic CMakeFiles/cmTC_4c080.dir/CheckFunctionExists.c.o  -o cmTC_4c080 -lpthreads 
/usr/bin/ld : ne peut trouver -lpthreads
collect2: error: ld returned 1 exit status
CMakeFiles/cmTC_4c080.dir/build.make:97: recipe for target 'cmTC_4c080' failed
make[1]: *** [cmTC_4c080] Error 1
make[1] : on quitte le répertoire « /home/nicolas/Documents/IMAC/POO/Projet/Game_BoxRun/CMakeFiles/CMakeTmp »
Makefile:126: recipe for target 'cmTC_4c080/fast' failed
make: *** [cmTC_4c080/fast] Error 2


Determining if the pthread_create exist failed with the following output:
Change Dir: /home/nicolas/Documents/IMAC/POO/Projet/Game_BoxRun/CMakeFiles/CMakeTmp

Run Build Command:"/usr/bin/make" "cmTC_94163/fast"
/usr/bin/make -f CMakeFiles/cmTC_94163.dir/build.make CMakeFiles/cmTC_94163.dir/build
make[1] : on entre dans le répertoire « /home/nicolas/Documents/IMAC/POO/Projet/Game_BoxRun/CMakeFiles/CMakeTmp »
Building C object CMakeFiles/cmTC_94163.dir/CheckSymbolExists.c.o
/usr/bin/cc    -o CMakeFiles/cmTC_94163.dir/CheckSymbolExists.c.o   -c /home/nicolas/Documents/IMAC/POO/Projet/Game_BoxRun/CMakeFiles/CMakeTmp/CheckSymbolExists.c
Linking C executable cmTC_94163
/usr/bin/cmake -E cmake_link_script CMakeFiles/cmTC_94163.dir/link.txt --verbose=1
/usr/bin/cc      -rdynamic CMakeFiles/cmTC_94163.dir/CheckSymbolExists.c.o  -o cmTC_94163 
CMakeFiles/cmTC_94163.dir/CheckSymbolExists.c.o : Dans la fonction « main » :
CheckSymbolExists.c:(.text+0x1b) : référence indéfinie vers « pthread_create »
collect2: error: ld returned 1 exit status
CMakeFiles/cmTC_94163.dir/build.make:97: recipe for target 'cmTC_94163' failed
make[1]: *** [cmTC_94163] Error 1
make[1] : on quitte le répertoire « /home/nicolas/Documents/IMAC/POO/Projet/Game_BoxRun/CMakeFiles/CMakeTmp »
Makefile:126: recipe for target 'cmTC_94163/fast' failed
make: *** [cmTC_94163/fast] Error 2

File /home/nicolas/Documents/IMAC/POO/Projet/Game_BoxRun/CMakeFiles/CMakeTmp/CheckSymbolExists.c:
/* */
#include <pthread.h>

int main(int argc, char** argv)
{
  (void)argv;
#ifndef pthread_create
  return ((int*)(&pthread_create))[argc];
#else
  (void)argc;
  return 0;
#endif
}

Determining if the function pthread_create exists in the pthreads failed with the following output:
Change Dir: /home/nicolas/Documents/IMAC/POO/Projet/Game_BoxRun/CMakeFiles/CMakeTmp

Run Build Command:"/usr/bin/make" "cmTC_5d9bc/fast"
/usr/bin/make -f CMakeFiles/cmTC_5d9bc.dir/build.make CMakeFiles/cmTC_5d9bc.dir/build
make[1] : on entre dans le répertoire « /home/nicolas/Documents/IMAC/POO/Projet/Game_BoxRun/CMakeFiles/CMakeTmp »
Building C object CMakeFiles/cmTC_5d9bc.dir/CheckFunctionExists.c.o
/usr/bin/cc   -DCHECK_FUNCTION_EXISTS=pthread_create   -o CMakeFiles/cmTC_5d9bc.dir/CheckFunctionExists.c.o   -c /usr/share/cmake-3.10/Modules/CheckFunctionExists.c
Linking C executable cmTC_5d9bc
/usr/bin/cmake -E cmake_link_script CMakeFiles/cmTC_5d9bc.dir/link.txt --verbose=1
/usr/bin/cc  -DCHECK_FUNCTION_EXISTS=pthread_create    -rdynamic CMakeFiles/cmTC_5d9bc.dir/CheckFunctionExists.c.o  -o cmTC_5d9bc -lpthreads 
/usr/bin/ld : ne peut trouver -lpthreads
collect2: error: ld returned 1 exit status
CMakeFiles/cmTC_5d9bc.dir/build.make:97: recipe for target 'cmTC_5d9bc' failed
make[1]: *** [cmTC_5d9bc] Error 1
make[1] : on quitte le répertoire « /home/nicolas/Documents/IMAC/POO/Projet/Game_BoxRun/CMakeFiles/CMakeTmp »
Makefile:126: recipe for target 'cmTC_5d9bc/fast' failed
make: *** [cmTC_5d9bc/fast] Error 2


Determining if the pthread_create exist failed with the following output:
Change Dir: /home/nicolas/Documents/IMAC/POO/Projet/Game_BoxRun/CMakeFiles/CMakeTmp

Run Build Command:"/usr/bin/make" "cmTC_b178d/fast"
/usr/bin/make -f CMakeFiles/cmTC_b178d.dir/build.make CMakeFiles/cmTC_b178d.dir/build
make[1] : on entre dans le répertoire « /home/nicolas/Documents/IMAC/POO/Projet/Game_BoxRun/CMakeFiles/CMakeTmp »
Building C object CMakeFiles/cmTC_b178d.dir/CheckSymbolExists.c.o
/usr/bin/cc    -o CMakeFiles/cmTC_b178d.dir/CheckSymbolExists.c.o   -c /home/nicolas/Documents/IMAC/POO/Projet/Game_BoxRun/CMakeFiles/CMakeTmp/CheckSymbolExists.c
Linking C executable cmTC_b178d
/usr/bin/cmake -E cmake_link_script CMakeFiles/cmTC_b178d.dir/link.txt --verbose=1
/usr/bin/cc      -rdynamic CMakeFiles/cmTC_b178d.dir/CheckSymbolExists.c.o  -o cmTC_b178d 
CMakeFiles/cmTC_b178d.dir/CheckSymbolExists.c.o : Dans la fonction « main » :
CheckSymbolExists.c:(.text+0x1b) : référence indéfinie vers « pthread_create »
collect2: error: ld returned 1 exit status
CMakeFiles/cmTC_b178d.dir/build.make:97: recipe for target 'cmTC_b178d' failed
make[1]: *** [cmTC_b178d] Error 1
make[1] : on quitte le répertoire « /home/nicolas/Documents/IMAC/POO/Projet/Game_BoxRun/CMakeFiles/CMakeTmp »
Makefile:126: recipe for target 'cmTC_b178d/fast' failed
make: *** [cmTC_b178d/fast] Error 2

File /home/nicolas/Documents/IMAC/POO/Projet/Game_BoxRun/CMakeFiles/CMakeTmp/CheckSymbolExists.c:
/* */
#include <pthread.h>

int main(int argc, char** argv)
{
  (void)argv;
#ifndef pthread_create
  return ((int*)(&pthread_create))[argc];
#else
  (void)argc;
  return 0;
#endif
}

Determining if the function pthread_create exists in the pthreads failed with the following output:
Change Dir: /home/nicolas/Documents/IMAC/POO/Projet/Game_BoxRun/CMakeFiles/CMakeTmp

Run Build Command:"/usr/bin/make" "cmTC_d07a9/fast"
/usr/bin/make -f CMakeFiles/cmTC_d07a9.dir/build.make CMakeFiles/cmTC_d07a9.dir/build
make[1] : on entre dans le répertoire « /home/nicolas/Documents/IMAC/POO/Projet/Game_BoxRun/CMakeFiles/CMakeTmp »
Building C object CMakeFiles/cmTC_d07a9.dir/CheckFunctionExists.c.o
/usr/bin/cc   -DCHECK_FUNCTION_EXISTS=pthread_create   -o CMakeFiles/cmTC_d07a9.dir/CheckFunctionExists.c.o   -c /usr/share/cmake-3.10/Modules/CheckFunctionExists.c
Linking C executable cmTC_d07a9
/usr/bin/cmake -E cmake_link_script CMakeFiles/cmTC_d07a9.dir/link.txt --verbose=1
/usr/bin/cc  -DCHECK_FUNCTION_EXISTS=pthread_create    -rdynamic CMakeFiles/cmTC_d07a9.dir/CheckFunctionExists.c.o  -o cmTC_d07a9 -lpthreads 
/usr/bin/ld : ne peut trouver -lpthreads
collect2: error: ld returned 1 exit status
CMakeFiles/cmTC_d07a9.dir/build.make:97: recipe for target 'cmTC_d07a9' failed
make[1]: *** [cmTC_d07a9] Error 1
make[1] : on quitte le répertoire « /home/nicolas/Documents/IMAC/POO/Projet/Game_BoxRun/CMakeFiles/CMakeTmp »
Makefile:126: recipe for target 'cmTC_d07a9/fast' failed
make: *** [cmTC_d07a9/fast] Error 2


Determining if the pthread_create exist failed with the following output:
Change Dir: /home/nicolas/Documents/IMAC/POO/Projet/Game_BoxRun/CMakeFiles/CMakeTmp

Run Build Command:"/usr/bin/make" "cmTC_87f87/fast"
/usr/bin/make -f CMakeFiles/cmTC_87f87.dir/build.make CMakeFiles/cmTC_87f87.dir/build
make[1] : on entre dans le répertoire « /home/nicolas/Documents/IMAC/POO/Projet/Game_BoxRun/CMakeFiles/CMakeTmp »
Building C object CMakeFiles/cmTC_87f87.dir/CheckSymbolExists.c.o
/usr/bin/cc    -o CMakeFiles/cmTC_87f87.dir/CheckSymbolExists.c.o   -c /home/nicolas/Documents/IMAC/POO/Projet/Game_BoxRun/CMakeFiles/CMakeTmp/CheckSymbolExists.c
Linking C executable cmTC_87f87
/usr/bin/cmake -E cmake_link_script CMakeFiles/cmTC_87f87.dir/link.txt --verbose=1
/usr/bin/cc      -rdynamic CMakeFiles/cmTC_87f87.dir/CheckSymbolExists.c.o  -o cmTC_87f87 
CMakeFiles/cmTC_87f87.dir/CheckSymbolExists.c.o : Dans la fonction « main » :
CheckSymbolExists.c:(.text+0x1b) : référence indéfinie vers « pthread_create »
collect2: error: ld returned 1 exit status
CMakeFiles/cmTC_87f87.dir/build.make:97: recipe for target 'cmTC_87f87' failed
make[1]: *** [cmTC_87f87] Error 1
make[1] : on quitte le répertoire « /home/nicolas/Documents/IMAC/POO/Projet/Game_BoxRun/CMakeFiles/CMakeTmp »
Makefile:126: recipe for target 'cmTC_87f87/fast' failed
make: *** [cmTC_87f87/fast] Error 2

File /home/nicolas/Documents/IMAC/POO/Projet/Game_BoxRun/CMakeFiles/CMakeTmp/CheckSymbolExists.c:
/* */
#include <pthread.h>

int main(int argc, char** argv)
{
  (void)argv;
#ifndef pthread_create
  return ((int*)(&pthread_create))[argc];
#else
  (void)argc;
  return 0;
#endif
}

Determining if the function pthread_create exists in the pthreads failed with the following output:
Change Dir: /home/nicolas/Documents/IMAC/POO/Projet/Game_BoxRun/CMakeFiles/CMakeTmp

Run Build Command:"/usr/bin/make" "cmTC_5a739/fast"
/usr/bin/make -f CMakeFiles/cmTC_5a739.dir/build.make CMakeFiles/cmTC_5a739.dir/build
make[1] : on entre dans le répertoire « /home/nicolas/Documents/IMAC/POO/Projet/Game_BoxRun/CMakeFiles/CMakeTmp »
Building C object CMakeFiles/cmTC_5a739.dir/CheckFunctionExists.c.o
/usr/bin/cc   -DCHECK_FUNCTION_EXISTS=pthread_create   -o CMakeFiles/cmTC_5a739.dir/CheckFunctionExists.c.o   -c /usr/share/cmake-3.10/Modules/CheckFunctionExists.c
Linking C executable cmTC_5a739
/usr/bin/cmake -E cmake_link_script CMakeFiles/cmTC_5a739.dir/link.txt --verbose=1
/usr/bin/cc  -DCHECK_FUNCTION_EXISTS=pthread_create    -rdynamic CMakeFiles/cmTC_5a739.dir/CheckFunctionExists.c.o  -o cmTC_5a739 -lpthreads 
/usr/bin/ld : ne peut trouver -lpthreads
collect2: error: ld returned 1 exit status
CMakeFiles/cmTC_5a739.dir/build.make:97: recipe for target 'cmTC_5a739' failed
make[1]: *** [cmTC_5a739] Error 1
make[1] : on quitte le répertoire « /home/nicolas/Documents/IMAC/POO/Projet/Game_BoxRun/CMakeFiles/CMakeTmp »
Makefile:126: recipe for target 'cmTC_5a739/fast' failed
make: *** [cmTC_5a739/fast] Error 2


Determining if the pthread_create exist failed with the following output:
Change Dir: /home/nicolas/Documents/IMAC/POO/Projet/Game_BoxRun/CMakeFiles/CMakeTmp

Run Build Command:"/usr/bin/make" "cmTC_74d97/fast"
/usr/bin/make -f CMakeFiles/cmTC_74d97.dir/build.make CMakeFiles/cmTC_74d97.dir/build
make[1] : on entre dans le répertoire « /home/nicolas/Documents/IMAC/POO/Projet/Game_BoxRun/CMakeFiles/CMakeTmp »
Building C object CMakeFiles/cmTC_74d97.dir/CheckSymbolExists.c.o
/usr/bin/cc    -o CMakeFiles/cmTC_74d97.dir/CheckSymbolExists.c.o   -c /home/nicolas/Documents/IMAC/POO/Projet/Game_BoxRun/CMakeFiles/CMakeTmp/CheckSymbolExists.c
Linking C executable cmTC_74d97
/usr/bin/cmake -E cmake_link_script CMakeFiles/cmTC_74d97.dir/link.txt --verbose=1
/usr/bin/cc      -rdynamic CMakeFiles/cmTC_74d97.dir/CheckSymbolExists.c.o  -o cmTC_74d97 
CMakeFiles/cmTC_74d97.dir/CheckSymbolExists.c.o : Dans la fonction « main » :
CheckSymbolExists.c:(.text+0x1b) : référence indéfinie vers « pthread_create »
collect2: error: ld returned 1 exit status
CMakeFiles/cmTC_74d97.dir/build.make:97: recipe for target 'cmTC_74d97' failed
make[1]: *** [cmTC_74d97] Error 1
make[1] : on quitte le répertoire « /home/nicolas/Documents/IMAC/POO/Projet/Game_BoxRun/CMakeFiles/CMakeTmp »
Makefile:126: recipe for target 'cmTC_74d97/fast' failed
make: *** [cmTC_74d97/fast] Error 2

File /home/nicolas/Documents/IMAC/POO/Projet/Game_BoxRun/CMakeFiles/CMakeTmp/CheckSymbolExists.c:
/* */
#include <pthread.h>

int main(int argc, char** argv)
{
  (void)argv;
#ifndef pthread_create
  return ((int*)(&pthread_create))[argc];
#else
  (void)argc;
  return 0;
#endif
}

Determining if the function pthread_create exists in the pthreads failed with the following output:
Change Dir: /home/nicolas/Documents/IMAC/POO/Projet/Game_BoxRun/CMakeFiles/CMakeTmp

Run Build Command:"/usr/bin/make" "cmTC_c3259/fast"
/usr/bin/make -f CMakeFiles/cmTC_c3259.dir/build.make CMakeFiles/cmTC_c3259.dir/build
make[1] : on entre dans le répertoire « /home/nicolas/Documents/IMAC/POO/Projet/Game_BoxRun/CMakeFiles/CMakeTmp »
Building C object CMakeFiles/cmTC_c3259.dir/CheckFunctionExists.c.o
/usr/bin/cc   -DCHECK_FUNCTION_EXISTS=pthread_create   -o CMakeFiles/cmTC_c3259.dir/CheckFunctionExists.c.o   -c /usr/share/cmake-3.10/Modules/CheckFunctionExists.c
Linking C executable cmTC_c3259
/usr/bin/cmake -E cmake_link_script CMakeFiles/cmTC_c3259.dir/link.txt --verbose=1
/usr/bin/cc  -DCHECK_FUNCTION_EXISTS=pthread_create    -rdynamic CMakeFiles/cmTC_c3259.dir/CheckFunctionExists.c.o  -o cmTC_c3259 -lpthreads 
/usr/bin/ld : ne peut trouver -lpthreads
collect2: error: ld returned 1 exit status
CMakeFiles/cmTC_c3259.dir/build.make:97: recipe for target 'cmTC_c3259' failed
make[1]: *** [cmTC_c3259] Error 1
make[1] : on quitte le répertoire « /home/nicolas/Documents/IMAC/POO/Projet/Game_BoxRun/CMakeFiles/CMakeTmp »
Makefile:126: recipe for target 'cmTC_c3259/fast' failed
make: *** [cmTC_c3259/fast] Error 2


Determining if the pthread_create exist failed with the following output:
Change Dir: /home/nicolas/Documents/IMAC/POO/Projet/Game_BoxRun/CMakeFiles/CMakeTmp

Run Build Command:"/usr/bin/make" "cmTC_77755/fast"
/usr/bin/make -f CMakeFiles/cmTC_77755.dir/build.make CMakeFiles/cmTC_77755.dir/build
make[1] : on entre dans le répertoire « /home/nicolas/Documents/IMAC/POO/Projet/Game_BoxRun/CMakeFiles/CMakeTmp »
Building C object CMakeFiles/cmTC_77755.dir/CheckSymbolExists.c.o
/usr/bin/cc    -o CMakeFiles/cmTC_77755.dir/CheckSymbolExists.c.o   -c /home/nicolas/Documents/IMAC/POO/Projet/Game_BoxRun/CMakeFiles/CMakeTmp/CheckSymbolExists.c
Linking C executable cmTC_77755
/usr/bin/cmake -E cmake_link_script CMakeFiles/cmTC_77755.dir/link.txt --verbose=1
/usr/bin/cc      -rdynamic CMakeFiles/cmTC_77755.dir/CheckSymbolExists.c.o  -o cmTC_77755 
CMakeFiles/cmTC_77755.dir/CheckSymbolExists.c.o : Dans la fonction « main » :
CheckSymbolExists.c:(.text+0x1b) : référence indéfinie vers « pthread_create »
collect2: error: ld returned 1 exit status
CMakeFiles/cmTC_77755.dir/build.make:97: recipe for target 'cmTC_77755' failed
make[1]: *** [cmTC_77755] Error 1
make[1] : on quitte le répertoire « /home/nicolas/Documents/IMAC/POO/Projet/Game_BoxRun/CMakeFiles/CMakeTmp »
Makefile:126: recipe for target 'cmTC_77755/fast' failed
make: *** [cmTC_77755/fast] Error 2

File /home/nicolas/Documents/IMAC/POO/Projet/Game_BoxRun/CMakeFiles/CMakeTmp/CheckSymbolExists.c:
/* */
#include <pthread.h>

int main(int argc, char** argv)
{
  (void)argv;
#ifndef pthread_create
  return ((int*)(&pthread_create))[argc];
#else
  (void)argc;
  return 0;
#endif
}

Determining if the function pthread_create exists in the pthreads failed with the following output:
Change Dir: /home/nicolas/Documents/IMAC/POO/Projet/Game_BoxRun/CMakeFiles/CMakeTmp

Run Build Command:"/usr/bin/make" "cmTC_9130a/fast"
/usr/bin/make -f CMakeFiles/cmTC_9130a.dir/build.make CMakeFiles/cmTC_9130a.dir/build
make[1] : on entre dans le répertoire « /home/nicolas/Documents/IMAC/POO/Projet/Game_BoxRun/CMakeFiles/CMakeTmp »
Building C object CMakeFiles/cmTC_9130a.dir/CheckFunctionExists.c.o
/usr/bin/cc   -DCHECK_FUNCTION_EXISTS=pthread_create   -o CMakeFiles/cmTC_9130a.dir/CheckFunctionExists.c.o   -c /usr/share/cmake-3.10/Modules/CheckFunctionExists.c
Linking C executable cmTC_9130a
/usr/bin/cmake -E cmake_link_script CMakeFiles/cmTC_9130a.dir/link.txt --verbose=1
/usr/bin/cc  -DCHECK_FUNCTION_EXISTS=pthread_create    -rdynamic CMakeFiles/cmTC_9130a.dir/CheckFunctionExists.c.o  -o cmTC_9130a -lpthreads 
/usr/bin/ld : ne peut trouver -lpthreads
collect2: error: ld returned 1 exit status
CMakeFiles/cmTC_9130a.dir/build.make:97: recipe for target 'cmTC_9130a' failed
make[1]: *** [cmTC_9130a] Error 1
make[1] : on quitte le répertoire « /home/nicolas/Documents/IMAC/POO/Projet/Game_BoxRun/CMakeFiles/CMakeTmp »
Makefile:126: recipe for target 'cmTC_9130a/fast' failed
make: *** [cmTC_9130a/fast] Error 2


