Determining if the pthread_create exist failed with the following output:
Change Dir: /home/6im2/manik/Game_RunBoxRun/build/CMakeFiles/CMakeTmp

Run Build Command:"/usr/bin/make" "cmTC_97189/fast"
/usr/bin/make -f CMakeFiles/cmTC_97189.dir/build.make CMakeFiles/cmTC_97189.dir/build
make[1] : on entre dans le répertoire « /home/6im2/manik/Game_RunBoxRun/build/CMakeFiles/CMakeTmp »
Building C object CMakeFiles/cmTC_97189.dir/CheckSymbolExists.c.o
/usr/bin/cc     -o CMakeFiles/cmTC_97189.dir/CheckSymbolExists.c.o   -c /home/6im2/manik/Game_RunBoxRun/build/CMakeFiles/CMakeTmp/CheckSymbolExists.c
Linking C executable cmTC_97189
/usr/bin/cmake -E cmake_link_script CMakeFiles/cmTC_97189.dir/link.txt --verbose=1
/usr/bin/cc       CMakeFiles/cmTC_97189.dir/CheckSymbolExists.c.o  -o cmTC_97189 -rdynamic 
CMakeFiles/cmTC_97189.dir/CheckSymbolExists.c.o : Dans la fonction « main » :
CheckSymbolExists.c:(.text+0x1b) : référence indéfinie vers « pthread_create »
collect2: error: ld returned 1 exit status
CMakeFiles/cmTC_97189.dir/build.make:97 : la recette pour la cible « cmTC_97189 » a échouée
make[1]: *** [cmTC_97189] Erreur 1
make[1] : on quitte le répertoire « /home/6im2/manik/Game_RunBoxRun/build/CMakeFiles/CMakeTmp »
Makefile:126 : la recette pour la cible « cmTC_97189/fast » a échouée
make: *** [cmTC_97189/fast] Erreur 2

File /home/6im2/manik/Game_RunBoxRun/build/CMakeFiles/CMakeTmp/CheckSymbolExists.c:
/* */
#include <pthread.h>

int main(int argc, char** argv)
{
  (void)argv;
#ifndef pthread_create
  return ((int*)(&pthread_create))[argc];
#else
  (void)argc;
  return 0;
#endif
}

Determining if the function pthread_create exists in the pthreads failed with the following output:
Change Dir: /home/6im2/manik/Game_RunBoxRun/build/CMakeFiles/CMakeTmp

Run Build Command:"/usr/bin/make" "cmTC_3d894/fast"
/usr/bin/make -f CMakeFiles/cmTC_3d894.dir/build.make CMakeFiles/cmTC_3d894.dir/build
make[1] : on entre dans le répertoire « /home/6im2/manik/Game_RunBoxRun/build/CMakeFiles/CMakeTmp »
Building C object CMakeFiles/cmTC_3d894.dir/CheckFunctionExists.c.o
/usr/bin/cc    -DCHECK_FUNCTION_EXISTS=pthread_create   -o CMakeFiles/cmTC_3d894.dir/CheckFunctionExists.c.o   -c /usr/share/cmake-3.7/Modules/CheckFunctionExists.c
Linking C executable cmTC_3d894
/usr/bin/cmake -E cmake_link_script CMakeFiles/cmTC_3d894.dir/link.txt --verbose=1
/usr/bin/cc   -DCHECK_FUNCTION_EXISTS=pthread_create    CMakeFiles/cmTC_3d894.dir/CheckFunctionExists.c.o  -o cmTC_3d894 -rdynamic -lpthreads 
/usr/bin/ld : ne peut trouver -lpthreads
collect2: error: ld returned 1 exit status
CMakeFiles/cmTC_3d894.dir/build.make:97 : la recette pour la cible « cmTC_3d894 » a échouée
make[1]: *** [cmTC_3d894] Erreur 1
make[1] : on quitte le répertoire « /home/6im2/manik/Game_RunBoxRun/build/CMakeFiles/CMakeTmp »
Makefile:126 : la recette pour la cible « cmTC_3d894/fast » a échouée
make: *** [cmTC_3d894/fast] Erreur 2


Determining if the pthread_create exist failed with the following output:
Change Dir: /home/nicolas/Documents/IMAC/POO/Projet/Game_RunBoxRun/build/CMakeFiles/CMakeTmp

Run Build Command:"/usr/bin/make" "cmTC_330ea/fast"
/usr/bin/make -f CMakeFiles/cmTC_330ea.dir/build.make CMakeFiles/cmTC_330ea.dir/build
make[1] : on entre dans le répertoire « /home/nicolas/Documents/IMAC/POO/Projet/Game_RunBoxRun/build/CMakeFiles/CMakeTmp »
Building C object CMakeFiles/cmTC_330ea.dir/CheckSymbolExists.c.o
/usr/bin/cc    -o CMakeFiles/cmTC_330ea.dir/CheckSymbolExists.c.o   -c /home/nicolas/Documents/IMAC/POO/Projet/Game_RunBoxRun/build/CMakeFiles/CMakeTmp/CheckSymbolExists.c
Linking C executable cmTC_330ea
/usr/bin/cmake -E cmake_link_script CMakeFiles/cmTC_330ea.dir/link.txt --verbose=1
/usr/bin/cc      -rdynamic CMakeFiles/cmTC_330ea.dir/CheckSymbolExists.c.o  -o cmTC_330ea 
CMakeFiles/cmTC_330ea.dir/CheckSymbolExists.c.o : Dans la fonction « main » :
CheckSymbolExists.c:(.text+0x1b) : référence indéfinie vers « pthread_create »
collect2: error: ld returned 1 exit status
CMakeFiles/cmTC_330ea.dir/build.make:97: recipe for target 'cmTC_330ea' failed
make[1]: *** [cmTC_330ea] Error 1
make[1] : on quitte le répertoire « /home/nicolas/Documents/IMAC/POO/Projet/Game_RunBoxRun/build/CMakeFiles/CMakeTmp »
Makefile:126: recipe for target 'cmTC_330ea/fast' failed
make: *** [cmTC_330ea/fast] Error 2

File /home/nicolas/Documents/IMAC/POO/Projet/Game_RunBoxRun/build/CMakeFiles/CMakeTmp/CheckSymbolExists.c:
/* */
#include <pthread.h>

int main(int argc, char** argv)
{
  (void)argv;
#ifndef pthread_create
  return ((int*)(&pthread_create))[argc];
#else
  (void)argc;
  return 0;
#endif
}

Determining if the function pthread_create exists in the pthreads failed with the following output:
Change Dir: /home/nicolas/Documents/IMAC/POO/Projet/Game_RunBoxRun/build/CMakeFiles/CMakeTmp

Run Build Command:"/usr/bin/make" "cmTC_30df1/fast"
/usr/bin/make -f CMakeFiles/cmTC_30df1.dir/build.make CMakeFiles/cmTC_30df1.dir/build
make[1] : on entre dans le répertoire « /home/nicolas/Documents/IMAC/POO/Projet/Game_RunBoxRun/build/CMakeFiles/CMakeTmp »
Building C object CMakeFiles/cmTC_30df1.dir/CheckFunctionExists.c.o
/usr/bin/cc   -DCHECK_FUNCTION_EXISTS=pthread_create   -o CMakeFiles/cmTC_30df1.dir/CheckFunctionExists.c.o   -c /usr/share/cmake-3.10/Modules/CheckFunctionExists.c
Linking C executable cmTC_30df1
/usr/bin/cmake -E cmake_link_script CMakeFiles/cmTC_30df1.dir/link.txt --verbose=1
/usr/bin/cc  -DCHECK_FUNCTION_EXISTS=pthread_create    -rdynamic CMakeFiles/cmTC_30df1.dir/CheckFunctionExists.c.o  -o cmTC_30df1 -lpthreads 
/usr/bin/ld : ne peut trouver -lpthreads
collect2: error: ld returned 1 exit status
CMakeFiles/cmTC_30df1.dir/build.make:97: recipe for target 'cmTC_30df1' failed
make[1]: *** [cmTC_30df1] Error 1
make[1] : on quitte le répertoire « /home/nicolas/Documents/IMAC/POO/Projet/Game_RunBoxRun/build/CMakeFiles/CMakeTmp »
Makefile:126: recipe for target 'cmTC_30df1/fast' failed
make: *** [cmTC_30df1/fast] Error 2


